
[2018-04-08 00:39:04][EVENT]## Client Connected
 - IP : 1.243.46.37

[2018-04-08 00:39:04][EVENT]## Datat Receive OK !!!
 - 체인본부코드 : 9132
 - 체인본부 명  : (주)이플푸드
 - 데이터 건수  : 31

[2018-04-08 00:39:04][EVENT]## 미수금정보
 - 적용여부 : True
 - 업체코드 : 9132
 - 체인코드 : 0000
 - 여신금액 : 0
 - 미수금액 : 0

[2018-04-08 00:39:04][EVENT]## 미수금정보
 - 적용여부 : True
 - 업체코드 : 9132
 - 체인코드 : 1001
 - 여신금액 : 500,000
 - 미수금액 : 673,200

[2018-04-08 00:39:04][EVENT]## 미수금정보
 - 적용여부 : True
 - 업체코드 : 9132
 - 체인코드 : 1002
 - 여신금액 : 500,000
 - 미수금액 : 222,100

[2018-04-08 00:39:04][EVENT]## 미수금정보
 - 적용여부 : False
 - 업체코드 : 9132
 - 체인코드 : 1003
 - 여신금액 : 500,000
 - 미수금액 : 517,350

[2018-04-08 00:39:04][EVENT]## 미수금정보
 - 적용여부 : False
 - 업체코드 : 9132
 - 체인코드 : 1004
 - 여신금액 : 500,000
 - 미수금액 : 480,300

[2018-04-08 00:39:04][EVENT]## 미수금정보
 - 적용여부 : True
 - 업체코드 : 9132
 - 체인코드 : 1006
 - 여신금액 : 500,000
 - 미수금액 : -253,350

[2018-04-08 00:39:04][EVENT]## 미수금정보
 - 적용여부 : True
 - 업체코드 : 9132
 - 체인코드 : 1007
 - 여신금액 : 500,000
 - 미수금액 : 345,850

[2018-04-08 00:39:04][EVENT]## 미수금정보
 - 적용여부 : True
 - 업체코드 : 9132
 - 체인코드 : 1008
 - 여신금액 : 500,000
 - 미수금액 : 473,150

[2018-04-08 00:39:04][EVENT]## 미수금정보
 - 적용여부 : True
 - 업체코드 : 9132
 - 체인코드 : 1009
 - 여신금액 : 500,000
 - 미수금액 : 218,650

[2018-04-08 00:39:04][EVENT]## 미수금정보
 - 적용여부 : True
 - 업체코드 : 9132
 - 체인코드 : 1010
 - 여신금액 : 500,000
 - 미수금액 : 564,950

[2018-04-08 00:39:04][EVENT]## 미수금정보
 - 적용여부 : False
 - 업체코드 : 9132
 - 체인코드 : 1011
 - 여신금액 : 500,000
 - 미수금액 : 0

[2018-04-08 00:39:04][EVENT]## 미수금정보
 - 적용여부 : True
 - 업체코드 : 9132
 - 체인코드 : 1012
 - 여신금액 : 500,000
 - 미수금액 : 664,480

[2018-04-08 00:39:04][EVENT]## 미수금정보
 - 적용여부 : True
 - 업체코드 : 9132
 - 체인코드 : 1013
 - 여신금액 : 500,000
 - 미수금액 : 660,800

[2018-04-08 00:39:04][EVENT]## 미수금정보
 - 적용여부 : True
 - 업체코드 : 9132
 - 체인코드 : 1014
 - 여신금액 : 500,000
 - 미수금액 : 492,000

[2018-04-08 00:39:04][EVENT]## 미수금정보
 - 적용여부 : False
 - 업체코드 : 9132
 - 체인코드 : 1015
 - 여신금액 : 500,000
 - 미수금액 : 0

[2018-04-08 00:39:04][EVENT]## 미수금정보
 - 적용여부 : True
 - 업체코드 : 9132
 - 체인코드 : 1016
 - 여신금액 : 500,000
 - 미수금액 : 680,050

[2018-04-08 00:39:04][EVENT]## 미수금정보
 - 적용여부 : True
 - 업체코드 : 9132
 - 체인코드 : 1017
 - 여신금액 : 500,000
 - 미수금액 : -36,900

[2018-04-08 00:39:04][EVENT]## 미수금정보
 - 적용여부 : True
 - 업체코드 : 9132
 - 체인코드 : 1018
 - 여신금액 : 500,000
 - 미수금액 : 550,100

[2018-04-08 00:39:04][EVENT]## 미수금정보
 - 적용여부 : True
 - 업체코드 : 9132
 - 체인코드 : 1019
 - 여신금액 : 500,000
 - 미수금액 : 684,300

[2018-04-08 00:39:04][EVENT]## 미수금정보
 - 적용여부 : True
 - 업체코드 : 9132
 - 체인코드 : 1020
 - 여신금액 : 500,000
 - 미수금액 : -647,850

[2018-04-08 00:39:04][EVENT]## 미수금정보
 - 적용여부 : True
 - 업체코드 : 9132
 - 체인코드 : 1021
 - 여신금액 : 500,000
 - 미수금액 : 335,650

[2018-04-08 00:39:05][EVENT]## 미수금정보
 - 적용여부 : True
 - 업체코드 : 9132
 - 체인코드 : 1022
 - 여신금액 : 500,000
 - 미수금액 : 416,130

[2018-04-08 00:39:05][EVENT]## 미수금정보
 - 적용여부 : True
 - 업체코드 : 9132
 - 체인코드 : 1023
 - 여신금액 : 500,000
 - 미수금액 : 412,550

[2018-04-08 00:39:05][EVENT]## 미수금정보
 - 적용여부 : True
 - 업체코드 : 9132
 - 체인코드 : 1024
 - 여신금액 : 500,000
 - 미수금액 : 492,550

[2018-04-08 00:39:05][EVENT]## 미수금정보
 - 적용여부 : True
 - 업체코드 : 9132
 - 체인코드 : 1025
 - 여신금액 : 500,000
 - 미수금액 : 223,200

[2018-04-08 00:39:05][EVENT]## 미수금정보
 - 적용여부 : True
 - 업체코드 : 9132
 - 체인코드 : 1026
 - 여신금액 : 500,000
 - 미수금액 : 691,600

[2018-04-08 00:39:05][EVENT]## 미수금정보
 - 적용여부 : True
 - 업체코드 : 9132
 - 체인코드 : 1027
 - 여신금액 : 500,000
 - 미수금액 : 544,700

[2018-04-08 00:39:05][EVENT]## 미수금정보
 - 적용여부 : True
 - 업체코드 : 9132
 - 체인코드 : 1028
 - 여신금액 : 500,000
 - 미수금액 : 0

[2018-04-08 00:39:05][EVENT]## 미수금정보
 - 적용여부 : True
 - 업체코드 : 9132
 - 체인코드 : 1029
 - 여신금액 : 500,000
 - 미수금액 : 172,000

[2018-04-08 00:39:05][EVENT]## 미수금정보
 - 적용여부 : True
 - 업체코드 : 9132
 - 체인코드 : 1030
 - 여신금액 : 500,000
 - 미수금액 : 112,600

[2018-04-08 00:39:05][EVENT]## 미수금정보
 - 적용여부 : True
 - 업체코드 : 9132
 - 체인코드 : 1031
 - 여신금액 : 500,000
 - 미수금액 : 730,150

[2018-04-08 00:39:05][EVENT]## Connection Close
 - IP : 1.243.46.37

[2018-04-08 21:55:22][EVENT]## Client Connected
 - IP : 112.171.207.67

[2018-04-08 21:55:22][EVENT]## Datat Receive OK !!!
 - 체인본부코드 : 9250
 - 체인본부 명  : (주)오케이푸드파트너스
 - 데이터 건수  : 94

[2018-04-08 21:55:22][EVENT]## 미수금정보
 - 적용여부 : True
 - 업체코드 : 9250
 - 체인코드 : 1001
 - 여신금액 : 1,000,000
 - 미수금액 : 536,800

[2018-04-08 21:55:22][EVENT]## 미수금정보
 - 적용여부 : False
 - 업체코드 : 9250
 - 체인코드 : 1002
 - 여신금액 : 0
 - 미수금액 : 0

[2018-04-08 21:55:22][EVENT]## 미수금정보
 - 적용여부 : False
 - 업체코드 : 9250
 - 체인코드 : 1003
 - 여신금액 : 0
 - 미수금액 : 0

[2018-04-08 21:55:22][EVENT]## 미수금정보
 - 적용여부 : False
 - 업체코드 : 9250
 - 체인코드 : 1004
 - 여신금액 : 13,000,000
 - 미수금액 : 17,819,950

[2018-04-08 21:55:22][EVENT]## 미수금정보
 - 적용여부 : False
 - 업체코드 : 9250
 - 체인코드 : 1005
 - 여신금액 : 2,000,000
 - 미수금액 : 0

[2018-04-08 21:55:22][EVENT]## 미수금정보
 - 적용여부 : True
 - 업체코드 : 9250
 - 체인코드 : 1006
 - 여신금액 : 2,000,000
 - 미수금액 : 1,910,840

[2018-04-08 21:55:22][EVENT]## 미수금정보
 - 적용여부 : False
 - 업체코드 : 9250
 - 체인코드 : 1007
 - 여신금액 : 700,000
 - 미수금액 : 443,358

[2018-04-08 21:55:22][EVENT]## 미수금정보
 - 적용여부 : True
 - 업체코드 : 9250
 - 체인코드 : 1008
 - 여신금액 : 4,000,000
 - 미수금액 : 4,236,598

[2018-04-08 21:55:22][EVENT]## 미수금정보
 - 적용여부 : True
 - 업체코드 : 9250
 - 체인코드 : 1009
 - 여신금액 : 2,500,000
 - 미수금액 : 2,579,308

[2018-04-08 21:55:22][EVENT]## 미수금정보
 - 적용여부 : False
 - 업체코드 : 9250
 - 체인코드 : 1010
 - 여신금액 : 0
 - 미수금액 : 1,000,000

[2018-04-08 21:55:22][EVENT]## 미수금정보
 - 적용여부 : False
 - 업체코드 : 9250
 - 체인코드 : 1011
 - 여신금액 : 0
 - 미수금액 : 1,787,000

[2018-04-08 21:55:22][EVENT]## 미수금정보
 - 적용여부 : True
 - 업체코드 : 9250
 - 체인코드 : 1012
 - 여신금액 : 500,000
 - 미수금액 : 240,250

[2018-04-08 21:55:22][EVENT]## 미수금정보
 - 적용여부 : True
 - 업체코드 : 9250
 - 체인코드 : 1013
 - 여신금액 : 500,000
 - 미수금액 : 656,320

[2018-04-08 21:55:22][EVENT]## 미수금정보
 - 적용여부 : False
 - 업체코드 : 9250
 - 체인코드 : 1014
 - 여신금액 : 0
 - 미수금액 : 1,315,600

[2018-04-08 21:55:22][EVENT]## 미수금정보
 - 적용여부 : True
 - 업체코드 : 9250
 - 체인코드 : 1015
 - 여신금액 : 1,000,000
 - 미수금액 : 855,900

[2018-04-08 21:55:22][EVENT]## 미수금정보
 - 적용여부 : True
 - 업체코드 : 9250
 - 체인코드 : 1016
 - 여신금액 : 2,000,000
 - 미수금액 : 2,322,300

[2018-04-08 21:55:22][EVENT]## 미수금정보
 - 적용여부 : True
 - 업체코드 : 9250
 - 체인코드 : 1017
 - 여신금액 : 1,000,000
 - 미수금액 : 1,004,162

[2018-04-08 21:55:22][EVENT]## 미수금정보
 - 적용여부 : True
 - 업체코드 : 9250
 - 체인코드 : 1018
 - 여신금액 : 3,000,000
 - 미수금액 : 2,797,554

[2018-04-08 21:55:22][EVENT]## 미수금정보
 - 적용여부 : False
 - 업체코드 : 9250
 - 체인코드 : 1019
 - 여신금액 : 500,000
 - 미수금액 : 0

[2018-04-08 21:55:22][EVENT]## 미수금정보
 - 적용여부 : True
 - 업체코드 : 9250
 - 체인코드 : 1020
 - 여신금액 : 0
 - 미수금액 : 461,500

[2018-04-08 21:55:22][EVENT]## 미수금정보
 - 적용여부 : False
 - 업체코드 : 9250
 - 체인코드 : 1021
 - 여신금액 : 0
 - 미수금액 : 1,004,350

[2018-04-08 21:55:22][EVENT]## 미수금정보
 - 적용여부 : False
 - 업체코드 : 9250
 - 체인코드 : 1022
 - 여신금액 : 0
 - 미수금액 : 1,395,800

[2018-04-08 21:55:22][EVENT]## 미수금정보
 - 적용여부 : False
 - 업체코드 : 9250
 - 체인코드 : 1023
 - 여신금액 : 500,000
 - 미수금액 : 0

[2018-04-08 21:55:22][EVENT]## 미수금정보
 - 적용여부 : False
 - 업체코드 : 9250
 - 체인코드 : 1025
 - 여신금액 : 500,000
 - 미수금액 : 0

[2018-04-08 21:55:22][EVENT]## 미수금정보
 - 적용여부 : True
 - 업체코드 : 9250
 - 체인코드 : 1026
 - 여신금액 : 1,000,000
 - 미수금액 : 1,403,980

[2018-04-08 21:55:22][EVENT]## 미수금정보
 - 적용여부 : False
 - 업체코드 : 9250
 - 체인코드 : 1027
 - 여신금액 : 500,000
 - 미수금액 : 569,200

[2018-04-08 21:55:22][EVENT]## 미수금정보
 - 적용여부 : True
 - 업체코드 : 9250
 - 체인코드 : 1028
 - 여신금액 : 500,000
 - 미수금액 : 948,880

[2018-04-08 21:55:22][EVENT]## 미수금정보
 - 적용여부 : False
 - 업체코드 : 9250
 - 체인코드 : 1029
 - 여신금액 : 500,000
 - 미수금액 : 0

[2018-04-08 21:55:22][EVENT]## 미수금정보
 - 적용여부 : True
 - 업체코드 : 9250
 - 체인코드 : 1030
 - 여신금액 : 7,500,000
 - 미수금액 : 7,789,068

[2018-04-08 21:55:22][EVENT]## 미수금정보
 - 적용여부 : False
 - 업체코드 : 9250
 - 체인코드 : 1031
 - 여신금액 : 500,000
 - 미수금액 : 0

[2018-04-08 21:55:22][EVENT]## 미수금정보
 - 적용여부 : False
 - 업체코드 : 9250
 - 체인코드 : 1032
 - 여신금액 : 1,000,000
 - 미수금액 : 1,028,950

[2018-04-08 21:55:22][EVENT]## 미수금정보
 - 적용여부 : False
 - 업체코드 : 9250
 - 체인코드 : 1033
 - 여신금액 : 1,109,650
 - 미수금액 : 3,402,950

[2018-04-08 21:55:22][EVENT]## 미수금정보
 - 적용여부 : True
 - 업체코드 : 9250
 - 체인코드 : 1034
 - 여신금액 : 1,000,000
 - 미수금액 : 905,200

[2018-04-08 21:55:22][EVENT]## 미수금정보
 - 적용여부 : True
 - 업체코드 : 9250
 - 체인코드 : 2001
 - 여신금액 : 500,000
 - 미수금액 : 1,552,800

[2018-04-08 21:55:22][EVENT]## 미수금정보
 - 적용여부 : False
 - 업체코드 : 9250
 - 체인코드 : 2002
 - 여신금액 : 10,000
 - 미수금액 : 1,420,600

[2018-04-08 21:55:22][EVENT]## 미수금정보
 - 적용여부 : True
 - 업체코드 : 9250
 - 체인코드 : 2003
 - 여신금액 : 500,000
 - 미수금액 : 422,110

[2018-04-08 21:55:22][EVENT]## 미수금정보
 - 적용여부 : False
 - 업체코드 : 9250
 - 체인코드 : 2005
 - 여신금액 : 500,000
 - 미수금액 : 25,650

[2018-04-08 21:55:22][EVENT]## 미수금정보
 - 적용여부 : True
 - 업체코드 : 9250
 - 체인코드 : 2006
 - 여신금액 : 300,000
 - 미수금액 : 821,760

[2018-04-08 21:55:22][EVENT]## 미수금정보
 - 적용여부 : False
 - 업체코드 : 9250
 - 체인코드 : 2007
 - 여신금액 : 0
 - 미수금액 : 2,158,900

[2018-04-08 21:55:22][EVENT]## 미수금정보
 - 적용여부 : False
 - 업체코드 : 9250
 - 체인코드 : 2008
 - 여신금액 : 500,000
 - 미수금액 : 494,624

[2018-04-08 21:55:22][EVENT]## 미수금정보
 - 적용여부 : False
 - 업체코드 : 9250
 - 체인코드 : 2009
 - 여신금액 : 500,000
 - 미수금액 : 0

[2018-04-08 21:55:22][EVENT]## 미수금정보
 - 적용여부 : False
 - 업체코드 : 9250
 - 체인코드 : 3001
 - 여신금액 : 500,000
 - 미수금액 : 0

[2018-04-08 21:55:22][EVENT]## 미수금정보
 - 적용여부 : False
 - 업체코드 : 9250
 - 체인코드 : 3002
 - 여신금액 : 500,000
 - 미수금액 : 17,000

[2018-04-08 21:55:22][EVENT]## 미수금정보
 - 적용여부 : True
 - 업체코드 : 9250
 - 체인코드 : 3003
 - 여신금액 : 2,000,000
 - 미수금액 : 3,831,420

[2018-04-08 21:55:22][EVENT]## 미수금정보
 - 적용여부 : True
 - 업체코드 : 9250
 - 체인코드 : 3004
 - 여신금액 : 500,000
 - 미수금액 : 1,102,060

[2018-04-08 21:55:22][EVENT]## 미수금정보
 - 적용여부 : False
 - 업체코드 : 9250
 - 체인코드 : 3005
 - 여신금액 : 0
 - 미수금액 : 1,521,400

[2018-04-08 21:55:22][EVENT]## 미수금정보
 - 적용여부 : True
 - 업체코드 : 9250
 - 체인코드 : 3006
 - 여신금액 : 500,000
 - 미수금액 : -79,100

[2018-04-08 21:55:22][EVENT]## 미수금정보
 - 적용여부 : False
 - 업체코드 : 9250
 - 체인코드 : 3007
 - 여신금액 : 500,000
 - 미수금액 : 0

[2018-04-08 21:55:22][EVENT]## 미수금정보
 - 적용여부 : False
 - 업체코드 : 9250
 - 체인코드 : 3008
 - 여신금액 : 500,000
 - 미수금액 : 0

[2018-04-08 21:55:22][EVENT]## 미수금정보
 - 적용여부 : False
 - 업체코드 : 9250
 - 체인코드 : 3009
 - 여신금액 : 500,000
 - 미수금액 : 1,944,900

[2018-04-08 21:55:22][EVENT]## 미수금정보
 - 적용여부 : False
 - 업체코드 : 9250
 - 체인코드 : 3010
 - 여신금액 : 500,000
 - 미수금액 : 0

[2018-04-08 21:55:22][EVENT]## 미수금정보
 - 적용여부 : True
 - 업체코드 : 9250
 - 체인코드 : 3011
 - 여신금액 : 500,000
 - 미수금액 : 815,930

[2018-04-08 21:55:22][EVENT]## 미수금정보
 - 적용여부 : False
 - 업체코드 : 9250
 - 체인코드 : 3012
 - 여신금액 : 500,000
 - 미수금액 : 502,250

[2018-04-08 21:55:22][EVENT]## 미수금정보
 - 적용여부 : True
 - 업체코드 : 9250
 - 체인코드 : 3013
 - 여신금액 : 500,000
 - 미수금액 : 424,950

[2018-04-08 21:55:22][EVENT]## 미수금정보
 - 적용여부 : False
 - 업체코드 : 9250
 - 체인코드 : 3014
 - 여신금액 : 300,000
 - 미수금액 : 0

[2018-04-08 21:55:22][EVENT]## 미수금정보
 - 적용여부 : False
 - 업체코드 : 9250
 - 체인코드 : 3015
 - 여신금액 : 500,000
 - 미수금액 : -57,700

[2018-04-08 21:55:22][EVENT]## 미수금정보
 - 적용여부 : False
 - 업체코드 : 9250
 - 체인코드 : 3016
 - 여신금액 : 500,000
 - 미수금액 : 0

[2018-04-08 21:55:22][EVENT]## 미수금정보
 - 적용여부 : True
 - 업체코드 : 9250
 - 체인코드 : 3017
 - 여신금액 : 500,000
 - 미수금액 : 0

[2018-04-08 21:55:22][EVENT]## 미수금정보
 - 적용여부 : False
 - 업체코드 : 9250
 - 체인코드 : 3018
 - 여신금액 : 500,000
 - 미수금액 : 0

[2018-04-08 21:55:22][EVENT]## 미수금정보
 - 적용여부 : False
 - 업체코드 : 9250
 - 체인코드 : 3019
 - 여신금액 : 500,000
 - 미수금액 : 0

[2018-04-08 21:55:22][EVENT]## 미수금정보
 - 적용여부 : True
 - 업체코드 : 9250
 - 체인코드 : 3020
 - 여신금액 : 500,000
 - 미수금액 : 654,760

[2018-04-08 21:55:22][EVENT]## 미수금정보
 - 적용여부 : True
 - 업체코드 : 9250
 - 체인코드 : 3021
 - 여신금액 : 500,000
 - 미수금액 : 851,100

[2018-04-08 21:55:22][EVENT]## 미수금정보
 - 적용여부 : True
 - 업체코드 : 9250
 - 체인코드 : 3022
 - 여신금액 : 500,000
 - 미수금액 : 495,370

[2018-04-08 21:55:22][EVENT]## 미수금정보
 - 적용여부 : True
 - 업체코드 : 9250
 - 체인코드 : 3023
 - 여신금액 : 0
 - 미수금액 : 338,800

[2018-04-08 21:55:22][EVENT]## 미수금정보
 - 적용여부 : True
 - 업체코드 : 9250
 - 체인코드 : 3024
 - 여신금액 : 500,000
 - 미수금액 : 424,280

[2018-04-08 21:55:22][EVENT]## 미수금정보
 - 적용여부 : True
 - 업체코드 : 9250
 - 체인코드 : 3025
 - 여신금액 : 500,000
 - 미수금액 : 357,600

[2018-04-08 21:55:22][EVENT]## 미수금정보
 - 적용여부 : True
 - 업체코드 : 9250
 - 체인코드 : 3026
 - 여신금액 : 500,000
 - 미수금액 : 1,189,810

[2018-04-08 21:55:22][EVENT]## 미수금정보
 - 적용여부 : False
 - 업체코드 : 9250
 - 체인코드 : 3027
 - 여신금액 : 1,500,000
 - 미수금액 : 0

[2018-04-08 21:55:22][EVENT]## 미수금정보
 - 적용여부 : True
 - 업체코드 : 9250
 - 체인코드 : 3028
 - 여신금액 : 500,000
 - 미수금액 : -9,690

[2018-04-08 21:55:22][EVENT]## 미수금정보
 - 적용여부 : True
 - 업체코드 : 9250
 - 체인코드 : 3029
 - 여신금액 : 500,000
 - 미수금액 : 647,180

[2018-04-08 21:55:22][EVENT]## 미수금정보
 - 적용여부 : True
 - 업체코드 : 9250
 - 체인코드 : 3030
 - 여신금액 : 500,000
 - 미수금액 : -1,094,470

[2018-04-08 21:55:22][EVENT]## 미수금정보
 - 적용여부 : True
 - 업체코드 : 9250
 - 체인코드 : 3031
 - 여신금액 : 540,000
 - 미수금액 : 884,090

[2018-04-08 21:55:22][EVENT]## 미수금정보
 - 적용여부 : False
 - 업체코드 : 9250
 - 체인코드 : 3032
 - 여신금액 : 500,000
 - 미수금액 : 0

[2018-04-08 21:55:22][EVENT]## 미수금정보
 - 적용여부 : True
 - 업체코드 : 9250
 - 체인코드 : 3033
 - 여신금액 : 10,000
 - 미수금액 : 572,210

[2018-04-08 21:55:22][EVENT]## 미수금정보
 - 적용여부 : True
 - 업체코드 : 9250
 - 체인코드 : 3034
 - 여신금액 : 1,000,000
 - 미수금액 : 2,903,100

[2018-04-08 21:55:22][EVENT]## 미수금정보
 - 적용여부 : True
 - 업체코드 : 9250
 - 체인코드 : 3035
 - 여신금액 : 0
 - 미수금액 : 313,150

[2018-04-08 21:55:22][EVENT]## 미수금정보
 - 적용여부 : True
 - 업체코드 : 9250
 - 체인코드 : 3036
 - 여신금액 : 0
 - 미수금액 : 220,000

[2018-04-08 21:55:22][EVENT]## 미수금정보
 - 적용여부 : True
 - 업체코드 : 9250
 - 체인코드 : 3037
 - 여신금액 : 100,000
 - 미수금액 : 145,350

[2018-04-08 21:55:22][EVENT]## 미수금정보
 - 적용여부 : True
 - 업체코드 : 9250
 - 체인코드 : 3038
 - 여신금액 : 2,000,000
 - 미수금액 : 1,796,450

[2018-04-08 21:55:22][EVENT]## 미수금정보
 - 적용여부 : True
 - 업체코드 : 9250
 - 체인코드 : 3039
 - 여신금액 : 50,000
 - 미수금액 : 107,180

[2018-04-08 21:55:22][EVENT]## 미수금정보
 - 적용여부 : True
 - 업체코드 : 9250
 - 체인코드 : 3040
 - 여신금액 : 0
 - 미수금액 : 0

[2018-04-08 21:55:22][EVENT]## 미수금정보
 - 적용여부 : True
 - 업체코드 : 9250
 - 체인코드 : 3041
 - 여신금액 : 0
 - 미수금액 : -857,740

[2018-04-08 21:55:22][EVENT]## 미수금정보
 - 적용여부 : False
 - 업체코드 : 9250
 - 체인코드 : 4001
 - 여신금액 : 50,500,000
 - 미수금액 : 54,343,790

[2018-04-08 21:55:22][EVENT]## 미수금정보
 - 적용여부 : False
 - 업체코드 : 9250
 - 체인코드 : 5001
 - 여신금액 : 0
 - 미수금액 : 0

[2018-04-08 21:55:22][EVENT]## 미수금정보
 - 적용여부 : True
 - 업체코드 : 9250
 - 체인코드 : 8001
 - 여신금액 : 1,000,000
 - 미수금액 : 412,125

[2018-04-08 21:55:22][EVENT]## 미수금정보
 - 적용여부 : False
 - 업체코드 : 9250
 - 체인코드 : 8002
 - 여신금액 : 24,000,000
 - 미수금액 : 16,845,080

[2018-04-08 21:55:22][EVENT]## 미수금정보
 - 적용여부 : True
 - 업체코드 : 9250
 - 체인코드 : 8003
 - 여신금액 : 7,400,000
 - 미수금액 : 7,153,970

[2018-04-08 21:55:22][EVENT]## 미수금정보
 - 적용여부 : True
 - 업체코드 : 9250
 - 체인코드 : 8004
 - 여신금액 : 0
 - 미수금액 : 837,220

[2018-04-08 21:55:22][EVENT]## 미수금정보
 - 적용여부 : True
 - 업체코드 : 9250
 - 체인코드 : 8005
 - 여신금액 : 0
 - 미수금액 : -218,120

[2018-04-08 21:55:22][EVENT]## 미수금정보
 - 적용여부 : True
 - 업체코드 : 9250
 - 체인코드 : 8006
 - 여신금액 : 800,000
 - 미수금액 : 1,525,140

[2018-04-08 21:55:22][EVENT]## 미수금정보
 - 적용여부 : True
 - 업체코드 : 9250
 - 체인코드 : 8007
 - 여신금액 : 0
 - 미수금액 : 1,215,940

[2018-04-08 21:55:22][EVENT]## 미수금정보
 - 적용여부 : True
 - 업체코드 : 9250
 - 체인코드 : 8008
 - 여신금액 : 0
 - 미수금액 : -128,565

[2018-04-08 21:55:22][EVENT]## 미수금정보
 - 적용여부 : True
 - 업체코드 : 9250
 - 체인코드 : 8009
 - 여신금액 : 0
 - 미수금액 : -30,340

[2018-04-08 21:55:22][EVENT]## 미수금정보
 - 적용여부 : True
 - 업체코드 : 9250
 - 체인코드 : 8010
 - 여신금액 : 0
 - 미수금액 : -185,130

[2018-04-08 21:55:22][EVENT]## Connection Close
 - IP : 112.171.207.67
